2023/03/22 11:00:36 [notice] 1#1: using the "epoll" event method
2023/03/22 11:00:36 [notice] 1#1: nginx/1.23.3
2023/03/22 11:00:36 [notice] 1#1: built by gcc 12.2.1 20220924 (Alpine 12.2.1_git20220924-r4) 
2023/03/22 11:00:36 [notice] 1#1: OS: Linux 5.15.0-58-generic
2023/03/22 11:00:36 [notice] 1#1: getrlimit(RLIMIT_NOFILE): 1048576:1048576
2023/03/22 11:00:36 [notice] 1#1: start worker processes
2023/03/22 11:00:36 [notice] 1#1: start worker process 31
2023/03/22 11:00:36 [notice] 1#1: start worker process 32
2023/03/22 11:00:36 [notice] 1#1: start worker process 33
2023/03/22 11:00:36 [notice] 1#1: start worker process 34
2023/03/22 11:01:06 [error] 31#31: *1 open() "/usr/share/nginx/html/favicon.ico" failed (2: No such file or directory), client: 172.17.0.1, server: localhost, request: "GET /favicon.ico HTTP/1.1", host: "localhost:8080", referrer: "http://localhost:8080/"
2023/03/22 11:08:58 [notice] 1#1: signal 3 (SIGQUIT) received, shutting down
2023/03/22 11:08:58 [notice] 34#34: gracefully shutting down
2023/03/22 11:08:58 [notice] 33#33: gracefully shutting down
2023/03/22 11:08:58 [notice] 34#34: exiting
2023/03/22 11:08:58 [notice] 33#33: exiting
2023/03/22 11:08:58 [notice] 34#34: exit
2023/03/22 11:08:58 [notice] 33#33: exit
2023/03/22 11:08:58 [notice] 32#32: gracefully shutting down
2023/03/22 11:08:58 [notice] 32#32: exiting
2023/03/22 11:08:58 [notice] 32#32: exit
2023/03/22 11:08:58 [notice] 31#31: gracefully shutting down
2023/03/22 11:08:58 [notice] 31#31: exiting
2023/03/22 11:08:58 [notice] 31#31: exit
2023/03/22 11:08:58 [notice] 1#1: signal 17 (SIGCHLD) received from 32
2023/03/22 11:08:58 [notice] 1#1: worker process 32 exited with code 0
2023/03/22 11:08:58 [notice] 1#1: signal 29 (SIGIO) received
2023/03/22 11:08:58 [notice] 1#1: signal 17 (SIGCHLD) received from 33
2023/03/22 11:08:58 [notice] 1#1: worker process 33 exited with code 0
2023/03/22 11:08:58 [notice] 1#1: signal 29 (SIGIO) received
2023/03/22 11:08:58 [notice] 1#1: signal 17 (SIGCHLD) received from 34
2023/03/22 11:08:58 [notice] 1#1: worker process 34 exited with code 0
2023/03/22 11:08:58 [notice] 1#1: signal 29 (SIGIO) received
2023/03/22 11:08:58 [notice] 1#1: signal 17 (SIGCHLD) received from 31
2023/03/22 11:08:58 [notice] 1#1: worker process 31 exited with code 0
2023/03/22 11:08:58 [notice] 1#1: exit
2023/03/22 12:14:12 [notice] 1#1: using the "epoll" event method
2023/03/22 12:14:12 [notice] 1#1: nginx/1.23.3
2023/03/22 12:14:12 [notice] 1#1: built by gcc 12.2.1 20220924 (Alpine 12.2.1_git20220924-r4) 
2023/03/22 12:14:12 [notice] 1#1: OS: Linux 5.15.0-58-generic
2023/03/22 12:14:12 [notice] 1#1: getrlimit(RLIMIT_NOFILE): 1048576:1048576
2023/03/22 12:14:12 [notice] 1#1: start worker processes
2023/03/22 12:14:12 [notice] 1#1: start worker process 21
2023/03/22 12:14:12 [notice] 1#1: start worker process 22
2023/03/22 12:14:12 [notice] 1#1: start worker process 23
2023/03/22 12:14:12 [notice] 1#1: start worker process 24
2023/03/22 12:29:05 [notice] 1#1: signal 3 (SIGQUIT) received, shutting down
2023/03/22 12:29:05 [notice] 22#22: gracefully shutting down
2023/03/22 12:29:05 [notice] 22#22: exiting
2023/03/22 12:29:05 [notice] 23#23: gracefully shutting down
2023/03/22 12:29:05 [notice] 24#24: gracefully shutting down
2023/03/22 12:29:05 [notice] 23#23: exiting
2023/03/22 12:29:05 [notice] 24#24: exiting
2023/03/22 12:29:05 [notice] 22#22: exit
2023/03/22 12:29:05 [notice] 24#24: exit
2023/03/22 12:29:05 [notice] 23#23: exit
2023/03/22 12:29:05 [notice] 21#21: gracefully shutting down
2023/03/22 12:29:05 [notice] 21#21: exiting
2023/03/22 12:29:05 [notice] 21#21: exit
2023/03/22 12:29:05 [notice] 1#1: signal 17 (SIGCHLD) received from 23
2023/03/22 12:29:05 [notice] 1#1: worker process 23 exited with code 0
2023/03/22 12:29:05 [notice] 1#1: signal 29 (SIGIO) received
2023/03/22 12:29:05 [notice] 1#1: signal 17 (SIGCHLD) received from 24
2023/03/22 12:29:05 [notice] 1#1: worker process 24 exited with code 0
2023/03/22 12:29:05 [notice] 1#1: signal 29 (SIGIO) received
2023/03/22 12:29:05 [notice] 1#1: signal 17 (SIGCHLD) received from 21
2023/03/22 12:29:05 [notice] 1#1: worker process 21 exited with code 0
2023/03/22 12:29:05 [notice] 1#1: signal 29 (SIGIO) received
2023/03/22 12:29:05 [notice] 1#1: signal 17 (SIGCHLD) received from 22
2023/03/22 12:29:05 [notice] 1#1: worker process 22 exited with code 0
2023/03/22 12:29:05 [notice] 1#1: exit
2023/03/22 12:29:19 [notice] 1#1: using the "epoll" event method
2023/03/22 12:29:19 [notice] 1#1: nginx/1.23.3
2023/03/22 12:29:19 [notice] 1#1: built by gcc 12.2.1 20220924 (Alpine 12.2.1_git20220924-r4) 
2023/03/22 12:29:19 [notice] 1#1: OS: Linux 5.15.0-58-generic
2023/03/22 12:29:19 [notice] 1#1: getrlimit(RLIMIT_NOFILE): 1048576:1048576
2023/03/22 12:29:19 [notice] 1#1: start worker processes
2023/03/22 12:29:19 [notice] 1#1: start worker process 22
2023/03/22 12:29:19 [notice] 1#1: start worker process 23
2023/03/22 12:29:19 [notice] 1#1: start worker process 24
2023/03/22 12:29:19 [notice] 1#1: start worker process 25
